<?xml version="1.0" encoding="UTF-8"?>
<!-- Generated by org.testng.reporters.JUnitReportReporter -->
<testsuite hostname="LAPTOP-UTF0URE5" failures="0" tests="1" name="Academy.ValidateTitle" time="35.007" errors="0" timestamp="2022-04-26T00:40:03 IST" skipped="0">
  <testcase classname="Academy.ValidateTitle" name="basePageNavigation" time="35.007"/>
  <system-out/>
</testsuite> <!-- Academy.ValidateTitle -->
