<?xml version="1.0" encoding="UTF-8"?>
<!-- Generated by org.testng.reporters.JUnitReportReporter -->
<testsuite hostname="LAPTOP-UTF0URE5" failures="0" tests="1" name="Academy.ValidateTitle" time="14.241" errors="0" timestamp="2022-04-26T00:15:23 IST" skipped="0">
  <testcase classname="Academy.ValidateTitle" name="basePageNavigation" time="14.241"/>
  <system-out/>
</testsuite> <!-- Academy.ValidateTitle -->
